<?xml version="1.0" encoding="UTF-8"?>
<!-- Generated by org.testng.reporters.JUnitReportReporter -->
<testsuite hostname="YOGESWAR" failures="0" tests="1" name="testCases.AccountLogin" time="4.342" errors="0" timestamp="2023-12-06T17:06:49 IST" skipped="0">
  <testcase classname="testCases.AccountLogin" name="accountLogin" time="4.342"/>
</testsuite> <!-- testCases.AccountLogin -->
