<?xml version="1.0" encoding="UTF-8"?>
<!-- Generated by org.testng.reporters.JUnitReportReporter -->
<testsuite hostname="YOGESWAR" failures="0" tests="2" name="testCases.AccountLogin" time="14.043" errors="0" timestamp="2023-12-09T15:06:25 IST" skipped="0">
  <testcase classname="testCases.AccountLogin" name="open" time="0.811"/>
  <testcase classname="testCases.AccountLogin" name="accountLogin" time="13.232"/>
</testsuite> <!-- testCases.AccountLogin -->
